# JRE version: Java(TM) SE Runtime Environment (21.0.4+8) (build 21.0.4+8-LTS-274)
# Java VM: Java HotSpot(TM) 64-Bit Server VM (21.0.4+8-LTS-274, mixed mode, sharing, tiered, compressed oops, compressed class ptrs, g1 gc, windows-amd64)
GC Precious Log:
 CardTable entry size: 512
 Card Set container configuration: InlinePtr #cards 4 size 8 Array Of Cards #cards 16 size 48 Howl #buckets 8 coarsen threshold 3686 Howl Bitmap #cards 512 size 80 coarsen threshold 460 Card regions per heap region 1 cards per card region 4096
 CPUs: 20 total, 20 available
 Memory: 16108M
 Large Page Support: Disabled
 NUMA Support: Disabled
 Compressed Oops: Enabled (Zero based)
 Heap Region Size: 2M
 Heap Min Capacity: 8M
 Heap Initial Capacity: 252M
 Heap Max Capacity: 4028M
 Pre-touch: Disabled
 Parallel Workers: 15
 Concurrent Workers: 4
 Concurrent Refinement Workers: 15
 Periodic GC: Disabled
Heap:
 garbage-first heap   total 149504K, used 104983K [0x0000000704400000, 0x0000000800000000)
  region size 2048K, 13 young (26624K), 1 survivors (2048K)
 Metaspace       used 36277K, committed 36864K, reserved 1114112K
  class space    used 3930K, committed 4160K, reserved 1048576K
GC Heap History (20 events):
Event: 3.082 GC heap before
{Heap before GC invocations=2 (full 0):
 garbage-first heap   total 258048K, used 188978K [0x0000000704400000, 0x0000000800000000)
  region size 2048K, 75 young (153600K), 2 survivors (4096K)
 Metaspace       used 18771K, committed 19008K, reserved 1114112K
  class space    used 2046K, committed 2176K, reserved 1048576K
}
Event: 3.090 GC heap after
{Heap after GC invocations=3 (full 0):
 garbage-first heap   total 258048K, used 18839K [0x0000000704400000, 0x0000000800000000)
  region size 2048K, 8 young (16384K), 8 survivors (16384K)
 Metaspace       used 18771K, committed 19008K, reserved 1114112K
  class space    used 2046K, committed 2176K, reserved 1048576K
}
Event: 3.281 GC heap before
{Heap before GC invocations=3 (full 0):
 garbage-first heap   total 258048K, used 33175K [0x0000000704400000, 0x0000000800000000)
  region size 2048K, 16 young (32768K), 8 survivors (16384K)
 Metaspace       used 21276K, committed 21504K, reserved 1114112K
  class space    used 2344K, committed 2432K, reserved 1048576K
}
Event: 3.286 GC heap after
{Heap after GC invocations=4 (full 0):
 garbage-first heap   total 258048K, used 20761K [0x0000000704400000, 0x0000000800000000)
  region size 2048K, 1 young (2048K), 1 survivors (2048K)
 Metaspace       used 21276K, committed 21504K, reserved 1114112K
  class space    used 2344K, committed 2432K, reserved 1048576K
}
Event: 3.972 GC heap before
{Heap before GC invocations=5 (full 0):
 garbage-first heap   total 96256K, used 94489K [0x0000000704400000, 0x0000000800000000)
  region size 2048K, 33 young (67584K), 1 survivors (2048K)
 Metaspace       used 27732K, committed 28032K, reserved 1114112K
  class space    used 3068K, committed 3200K, reserved 1048576K
}
Event: 3.981 GC heap after
{Heap after GC invocations=6 (full 0):
 garbage-first heap   total 118784K, used 48952K [0x0000000704400000, 0x0000000800000000)
  region size 2048K, 10 young (20480K), 10 survivors (20480K)
 Metaspace       used 27732K, committed 28032K, reserved 1114112K
  class space    used 3068K, committed 3200K, reserved 1048576K
}
Event: 4.365 GC heap before
{Heap before GC invocations=6 (full 0):
 garbage-first heap   total 118784K, used 87864K [0x0000000704400000, 0x0000000800000000)
  region size 2048K, 29 young (59392K), 10 survivors (20480K)
 Metaspace       used 29098K, committed 29440K, reserved 1114112K
  class space    used 3193K, committed 3328K, reserved 1048576K
}
Event: 4.377 GC heap after
{Heap after GC invocations=7 (full 0):
 garbage-first heap   total 118784K, used 55727K [0x0000000704400000, 0x0000000800000000)
  region size 2048K, 3 young (6144K), 3 survivors (6144K)
 Metaspace       used 29098K, committed 29440K, reserved 1114112K
  class space    used 3193K, committed 3328K, reserved 1048576K
}
Event: 4.855 GC heap before
{Heap before GC invocations=7 (full 0):
 garbage-first heap   total 118784K, used 96687K [0x0000000704400000, 0x0000000800000000)
  region size 2048K, 24 young (49152K), 3 survivors (6144K)
 Metaspace       used 30898K, committed 31360K, reserved 1114112K
  class space    used 3395K, committed 3584K, reserved 1048576K
}
Event: 4.862 GC heap after
{Heap after GC invocations=8 (full 0):
 garbage-first heap   total 118784K, used 57291K [0x0000000704400000, 0x0000000800000000)
  region size 2048K, 1 young (2048K), 1 survivors (2048K)
 Metaspace       used 30898K, committed 31360K, reserved 1114112K
  class space    used 3395K, committed 3584K, reserved 1048576K
}
Event: 5.067 GC heap before
{Heap before GC invocations=8 (full 0):
 garbage-first heap   total 118784K, used 102347K [0x0000000704400000, 0x0000000800000000)
  region size 2048K, 23 young (47104K), 1 survivors (2048K)
 Metaspace       used 31246K, committed 31680K, reserved 1114112K
  class space    used 3420K, committed 3648K, reserved 1048576K
}
Event: 5.072 GC heap after
{Heap after GC invocations=9 (full 0):
 garbage-first heap   total 118784K, used 58413K [0x0000000704400000, 0x0000000800000000)
  region size 2048K, 2 young (4096K), 2 survivors (4096K)
 Metaspace       used 31246K, committed 31680K, reserved 1114112K
  class space    used 3420K, committed 3648K, reserved 1048576K
}
Event: 5.256 GC heap before
{Heap before GC invocations=10 (full 0):
 garbage-first heap   total 118784K, used 99373K [0x0000000704400000, 0x0000000800000000)
  region size 2048K, 24 young (49152K), 2 survivors (4096K)
 Metaspace       used 31375K, committed 31808K, reserved 1114112K
  class space    used 3423K, committed 3648K, reserved 1048576K
}
Event: 5.261 GC heap after
{Heap after GC invocations=11 (full 0):
 garbage-first heap   total 143360K, used 54399K [0x0000000704400000, 0x0000000800000000)
  region size 2048K, 2 young (4096K), 2 survivors (4096K)
 Metaspace       used 31375K, committed 31808K, reserved 1114112K
  class space    used 3423K, committed 3648K, reserved 1048576K
}
Event: 6.185 GC heap before
{Heap before GC invocations=11 (full 0):
 garbage-first heap   total 143360K, used 126079K [0x0000000704400000, 0x0000000800000000)
  region size 2048K, 36 young (73728K), 2 survivors (4096K)
 Metaspace       used 33800K, committed 34368K, reserved 1114112K
  class space    used 3671K, committed 3904K, reserved 1048576K
}
Event: 6.195 GC heap after
{Heap after GC invocations=12 (full 0):
 garbage-first heap   total 149504K, used 72789K [0x0000000704400000, 0x0000000800000000)
  region size 2048K, 5 young (10240K), 5 survivors (10240K)
 Metaspace       used 33800K, committed 34368K, reserved 1114112K
  class space    used 3671K, committed 3904K, reserved 1048576K
}
Event: 6.630 GC heap before
{Heap before GC invocations=12 (full 0):
 garbage-first heap   total 149504K, used 123989K [0x0000000704400000, 0x0000000800000000)
  region size 2048K, 30 young (61440K), 5 survivors (10240K)
 Metaspace       used 34534K, committed 35072K, reserved 1114112K
  class space    used 3759K, committed 3968K, reserved 1048576K
}
Event: 6.639 GC heap after
{Heap after GC invocations=13 (full 0):
 garbage-first heap   total 149504K, used 85191K [0x0000000704400000, 0x0000000800000000)
  region size 2048K, 4 young (8192K), 4 survivors (8192K)
 Metaspace       used 34534K, committed 35072K, reserved 1114112K
  class space    used 3759K, committed 3968K, reserved 1048576K
}
Event: 6.969 GC heap before
{Heap before GC invocations=13 (full 0):
 garbage-first heap   total 149504K, used 124103K [0x0000000704400000, 0x0000000800000000)
  region size 2048K, 23 young (47104K), 4 survivors (8192K)
 Metaspace       used 35429K, committed 36032K, reserved 1114112K
  class space    used 3845K, committed 4096K, reserved 1048576K
}
Event: 6.972 GC heap after
{Heap after GC invocations=14 (full 0):
 garbage-first heap   total 149504K, used 84503K [0x0000000704400000, 0x0000000800000000)
  region size 2048K, 1 young (2048K), 1 survivors (2048K)
 Metaspace       used 35429K, committed 36032K, reserved 1114112K
  class space    used 3845K, committed 4096K, reserved 1048576K
}

